{"/home/lucas-pacheco/Área de Trabalho/workspace/modulo-7/quer-apostar-quanto/src/app.ts": {"path":"/home/lucas-pacheco/Área de Trabalho/workspace/modulo-7/quer-apostar-quanto/src/app.ts","statementMap":{"0":{"start":{"line":1,"column":0},"end":{"line":1,"column":53}},"1":{"start":{"line":2,"column":0},"end":{"line":2,"column":24}},"2":{"start":{"line":3,"column":0},"end":{"line":3,"column":78}},"3":{"start":{"line":5,"column":12},"end":{"line":5,"column":21}},"4":{"start":{"line":7,"column":0},"end":{"line":13,"column":30}},"5":{"start":{"line":10,"column":53},"end":{"line":10,"column":74}},"6":{"start":{"line":15,"column":0},"end":{"line":15,"column":19}}},"fnMap":{"0":{"name":"(anonymous_1)","decl":{"start":{"line":10,"column":20},"end":{"line":10,"column":21}},"loc":{"start":{"line":10,"column":53},"end":{"line":10,"column":74}}}},"branchMap":{},"s":{"0":4,"1":4,"2":4,"3":4,"4":4,"5":1,"6":4},"f":{"0":1},"b":{}}
,"/home/lucas-pacheco/Área de Trabalho/workspace/modulo-7/quer-apostar-quanto/src/config/index.ts": {"path":"/home/lucas-pacheco/Área de Trabalho/workspace/modulo-7/quer-apostar-quanto/src/config/index.ts","statementMap":{"0":{"start":{"line":1,"column":0},"end":{"line":1,"column":45}},"1":{"start":{"line":3,"column":15},"end":{"line":3,"column":33}},"2":{"start":{"line":5,"column":0},"end":{"line":5,"column":22}}},"fnMap":{},"branchMap":{},"s":{"0":4,"1":4,"2":4},"f":{},"b":{}}
,"/home/lucas-pacheco/Área de Trabalho/workspace/modulo-7/quer-apostar-quanto/src/controllers/bets-controller.ts": {"path":"/home/lucas-pacheco/Área de Trabalho/workspace/modulo-7/quer-apostar-quanto/src/controllers/bets-controller.ts","statementMap":{"0":{"start":{"line":3,"column":0},"end":{"line":3,"column":37}},"1":{"start":{"line":4,"column":0},"end":{"line":4,"column":51}},"2":{"start":{"line":7,"column":79},"end":{"line":7,"column":105}},"3":{"start":{"line":9,"column":4},"end":{"line":26,"column":null}},"4":{"start":{"line":10,"column":20},"end":{"line":10,"column":111}},"5":{"start":{"line":11,"column":8},"end":{"line":11,"column":56}},"6":{"start":{"line":13,"column":8},"end":{"line":15,"column":null}},"7":{"start":{"line":14,"column":12},"end":{"line":14,"column":72}},"8":{"start":{"line":16,"column":8},"end":{"line":18,"column":null}},"9":{"start":{"line":17,"column":12},"end":{"line":17,"column":74}},"10":{"start":{"line":19,"column":8},"end":{"line":21,"column":null}},"11":{"start":{"line":20,"column":12},"end":{"line":20,"column":72}},"12":{"start":{"line":22,"column":8},"end":{"line":24,"column":null}},"13":{"start":{"line":23,"column":12},"end":{"line":23,"column":71}},"14":{"start":{"line":25,"column":8},"end":{"line":25,"column":54}},"15":{"start":{"line":6,"column":0},"end":{"line":6,"column":22}}},"fnMap":{"0":{"name":"createBet","decl":{"start":{"line":6,"column":22},"end":{"line":6,"column":31}},"loc":{"start":{"line":6,"column":59},"end":{"line":27,"column":null}}}},"branchMap":{"0":{"loc":{"start":{"line":13,"column":8},"end":{"line":15,"column":null}},"type":"if","locations":[{"start":{"line":13,"column":8},"end":{"line":15,"column":null}}]},"1":{"loc":{"start":{"line":16,"column":8},"end":{"line":18,"column":null}},"type":"if","locations":[{"start":{"line":16,"column":8},"end":{"line":18,"column":null}}]},"2":{"loc":{"start":{"line":19,"column":8},"end":{"line":21,"column":null}},"type":"if","locations":[{"start":{"line":19,"column":8},"end":{"line":21,"column":null}}]},"3":{"loc":{"start":{"line":22,"column":8},"end":{"line":24,"column":null}},"type":"if","locations":[{"start":{"line":22,"column":8},"end":{"line":24,"column":null}}]}},"s":{"0":4,"1":4,"2":5,"3":5,"4":5,"5":2,"6":3,"7":1,"8":2,"9":1,"10":1,"11":1,"12":0,"13":0,"14":0,"15":4},"f":{"0":5},"b":{"0":[1],"1":[1],"2":[1],"3":[0]}}
,"/home/lucas-pacheco/Área de Trabalho/workspace/modulo-7/quer-apostar-quanto/src/controllers/games-controller.ts": {"path":"/home/lucas-pacheco/Área de Trabalho/workspace/modulo-7/quer-apostar-quanto/src/controllers/games-controller.ts","statementMap":{"0":{"start":{"line":3,"column":0},"end":{"line":3,"column":37}},"1":{"start":{"line":4,"column":0},"end":{"line":4,"column":53}},"2":{"start":{"line":7,"column":43},"end":{"line":7,"column":70}},"3":{"start":{"line":9,"column":4},"end":{"line":14,"column":null}},"4":{"start":{"line":10,"column":21},"end":{"line":10,"column":78}},"5":{"start":{"line":11,"column":8},"end":{"line":11,"column":57}},"6":{"start":{"line":13,"column":8},"end":{"line":13,"column":54}},"7":{"start":{"line":6,"column":0},"end":{"line":6,"column":22}},"8":{"start":{"line":18,"column":23},"end":{"line":18,"column":33}},"9":{"start":{"line":19,"column":45},"end":{"line":19,"column":72}},"10":{"start":{"line":21,"column":4},"end":{"line":32,"column":null}},"11":{"start":{"line":22,"column":29},"end":{"line":22,"column":104}},"12":{"start":{"line":23,"column":8},"end":{"line":23,"column":60}},"13":{"start":{"line":25,"column":8},"end":{"line":27,"column":null}},"14":{"start":{"line":26,"column":12},"end":{"line":26,"column":72}},"15":{"start":{"line":28,"column":8},"end":{"line":30,"column":null}},"16":{"start":{"line":29,"column":12},"end":{"line":29,"column":71}},"17":{"start":{"line":31,"column":8},"end":{"line":31,"column":54}},"18":{"start":{"line":17,"column":0},"end":{"line":17,"column":22}},"19":{"start":{"line":36,"column":4},"end":{"line":41,"column":null}},"20":{"start":{"line":37,"column":22},"end":{"line":37,"column":51}},"21":{"start":{"line":38,"column":8},"end":{"line":38,"column":53}},"22":{"start":{"line":40,"column":8},"end":{"line":40,"column":54}},"23":{"start":{"line":35,"column":0},"end":{"line":35,"column":22}},"24":{"start":{"line":45,"column":23},"end":{"line":45,"column":33}},"25":{"start":{"line":47,"column":4},"end":{"line":52,"column":null}},"26":{"start":{"line":48,"column":21},"end":{"line":48,"column":67}},"27":{"start":{"line":49,"column":8},"end":{"line":49,"column":52}},"28":{"start":{"line":51,"column":8},"end":{"line":51,"column":68}},"29":{"start":{"line":44,"column":0},"end":{"line":44,"column":22}}},"fnMap":{"0":{"name":"createGame","decl":{"start":{"line":6,"column":22},"end":{"line":6,"column":32}},"loc":{"start":{"line":6,"column":60},"end":{"line":15,"column":null}}},"1":{"name":"finishGame","decl":{"start":{"line":17,"column":22},"end":{"line":17,"column":32}},"loc":{"start":{"line":17,"column":60},"end":{"line":33,"column":null}}},"2":{"name":"getGames","decl":{"start":{"line":35,"column":22},"end":{"line":35,"column":30}},"loc":{"start":{"line":35,"column":58},"end":{"line":42,"column":null}}},"3":{"name":"getGameById","decl":{"start":{"line":44,"column":22},"end":{"line":44,"column":33}},"loc":{"start":{"line":44,"column":61},"end":{"line":53,"column":null}}}},"branchMap":{"0":{"loc":{"start":{"line":25,"column":8},"end":{"line":27,"column":null}},"type":"if","locations":[{"start":{"line":25,"column":8},"end":{"line":27,"column":null}}]},"1":{"loc":{"start":{"line":28,"column":8},"end":{"line":30,"column":null}},"type":"if","locations":[{"start":{"line":28,"column":8},"end":{"line":30,"column":null}}]}},"s":{"0":4,"1":4,"2":1,"3":1,"4":1,"5":1,"6":0,"7":4,"8":4,"9":4,"10":4,"11":4,"12":2,"13":2,"14":1,"15":1,"16":1,"17":0,"18":4,"19":2,"20":2,"21":2,"22":0,"23":4,"24":2,"25":2,"26":2,"27":1,"28":1,"29":4},"f":{"0":1,"1":4,"2":2,"3":2},"b":{"0":[1],"1":[1]}}
,"/home/lucas-pacheco/Área de Trabalho/workspace/modulo-7/quer-apostar-quanto/src/controllers/participants-controller.ts": {"path":"/home/lucas-pacheco/Área de Trabalho/workspace/modulo-7/quer-apostar-quanto/src/controllers/participants-controller.ts","statementMap":{"0":{"start":{"line":3,"column":0},"end":{"line":3,"column":37}},"1":{"start":{"line":4,"column":0},"end":{"line":4,"column":67}},"2":{"start":{"line":7,"column":30},"end":{"line":7,"column":58}},"3":{"start":{"line":9,"column":4},"end":{"line":14,"column":null}},"4":{"start":{"line":10,"column":28},"end":{"line":10,"column":94}},"5":{"start":{"line":11,"column":8},"end":{"line":11,"column":64}},"6":{"start":{"line":13,"column":8},"end":{"line":13,"column":54}},"7":{"start":{"line":6,"column":0},"end":{"line":6,"column":22}},"8":{"start":{"line":18,"column":4},"end":{"line":23,"column":null}},"9":{"start":{"line":19,"column":29},"end":{"line":19,"column":72}},"10":{"start":{"line":20,"column":8},"end":{"line":20,"column":60}},"11":{"start":{"line":22,"column":8},"end":{"line":22,"column":54}},"12":{"start":{"line":17,"column":0},"end":{"line":17,"column":22}}},"fnMap":{"0":{"name":"createParticipant","decl":{"start":{"line":6,"column":22},"end":{"line":6,"column":39}},"loc":{"start":{"line":6,"column":67},"end":{"line":15,"column":null}}},"1":{"name":"getParticipants","decl":{"start":{"line":17,"column":22},"end":{"line":17,"column":37}},"loc":{"start":{"line":17,"column":65},"end":{"line":24,"column":null}}}},"branchMap":{},"s":{"0":4,"1":4,"2":1,"3":1,"4":1,"5":1,"6":0,"7":4,"8":2,"9":2,"10":2,"11":0,"12":4},"f":{"0":1,"1":2},"b":{}}
,"/home/lucas-pacheco/Área de Trabalho/workspace/modulo-7/quer-apostar-quanto/src/errors/game-not-found-error.ts": {"path":"/home/lucas-pacheco/Área de Trabalho/workspace/modulo-7/quer-apostar-quanto/src/errors/game-not-found-error.ts","statementMap":{"0":{"start":{"line":4,"column":2},"end":{"line":7,"column":4}},"1":{"start":{"line":3,"column":0},"end":{"line":3,"column":16}}},"fnMap":{"0":{"name":"gameNotFoundError","decl":{"start":{"line":3,"column":16},"end":{"line":3,"column":33}},"loc":{"start":{"line":3,"column":33},"end":{"line":8,"column":1}}}},"branchMap":{},"s":{"0":1,"1":4},"f":{"0":1},"b":{}}
,"/home/lucas-pacheco/Área de Trabalho/workspace/modulo-7/quer-apostar-quanto/src/errors/games-already-finished-error.ts": {"path":"/home/lucas-pacheco/Área de Trabalho/workspace/modulo-7/quer-apostar-quanto/src/errors/games-already-finished-error.ts","statementMap":{"0":{"start":{"line":4,"column":2},"end":{"line":7,"column":4}},"1":{"start":{"line":3,"column":0},"end":{"line":3,"column":16}}},"fnMap":{"0":{"name":"gamesAlreadyFinishedError","decl":{"start":{"line":3,"column":16},"end":{"line":3,"column":41}},"loc":{"start":{"line":3,"column":41},"end":{"line":8,"column":1}}}},"branchMap":{},"s":{"0":1,"1":4},"f":{"0":1},"b":{}}
,"/home/lucas-pacheco/Área de Trabalho/workspace/modulo-7/quer-apostar-quanto/src/errors/index.ts": {"path":"/home/lucas-pacheco/Área de Trabalho/workspace/modulo-7/quer-apostar-quanto/src/errors/index.ts","statementMap":{"0":{"start":{"line":1,"column":0},"end":{"line":1,"column":37}},"1":{"start":{"line":2,"column":0},"end":{"line":2,"column":47}},"2":{"start":{"line":3,"column":0},"end":{"line":3,"column":34}},"3":{"start":{"line":4,"column":0},"end":{"line":4,"column":46}},"4":{"start":{"line":5,"column":0},"end":{"line":5,"column":39}}},"fnMap":{},"branchMap":{},"s":{"0":4,"1":4,"2":4,"3":4,"4":4},"f":{},"b":{}}
,"/home/lucas-pacheco/Área de Trabalho/workspace/modulo-7/quer-apostar-quanto/src/errors/insufficient-funds-error.ts": {"path":"/home/lucas-pacheco/Área de Trabalho/workspace/modulo-7/quer-apostar-quanto/src/errors/insufficient-funds-error.ts","statementMap":{"0":{"start":{"line":4,"column":2},"end":{"line":7,"column":4}},"1":{"start":{"line":3,"column":0},"end":{"line":3,"column":16}}},"fnMap":{"0":{"name":"insufficientFundsError","decl":{"start":{"line":3,"column":16},"end":{"line":3,"column":38}},"loc":{"start":{"line":3,"column":38},"end":{"line":8,"column":1}}}},"branchMap":{},"s":{"0":1,"1":4},"f":{"0":1},"b":{}}
,"/home/lucas-pacheco/Área de Trabalho/workspace/modulo-7/quer-apostar-quanto/src/errors/invalid-data-error.ts": {"path":"/home/lucas-pacheco/Área de Trabalho/workspace/modulo-7/quer-apostar-quanto/src/errors/invalid-data-error.ts","statementMap":{"0":{"start":{"line":4,"column":4},"end":{"line":8,"column":6}},"1":{"start":{"line":3,"column":0},"end":{"line":3,"column":16}}},"fnMap":{"0":{"name":"invalidDataError","decl":{"start":{"line":3,"column":16},"end":{"line":3,"column":32}},"loc":{"start":{"line":3,"column":50},"end":{"line":9,"column":1}}}},"branchMap":{},"s":{"0":5,"1":4},"f":{"0":5},"b":{}}
,"/home/lucas-pacheco/Área de Trabalho/workspace/modulo-7/quer-apostar-quanto/src/errors/not-found-error.ts": {"path":"/home/lucas-pacheco/Área de Trabalho/workspace/modulo-7/quer-apostar-quanto/src/errors/not-found-error.ts","statementMap":{"0":{"start":{"line":4,"column":2},"end":{"line":7,"column":4}},"1":{"start":{"line":3,"column":0},"end":{"line":3,"column":16}}},"fnMap":{"0":{"name":"notFoundError","decl":{"start":{"line":3,"column":16},"end":{"line":3,"column":29}},"loc":{"start":{"line":3,"column":29},"end":{"line":8,"column":1}}}},"branchMap":{},"s":{"0":2,"1":4},"f":{"0":2},"b":{}}
,"/home/lucas-pacheco/Área de Trabalho/workspace/modulo-7/quer-apostar-quanto/src/errors/participant-not-found-error.ts": {"path":"/home/lucas-pacheco/Área de Trabalho/workspace/modulo-7/quer-apostar-quanto/src/errors/participant-not-found-error.ts","statementMap":{"0":{"start":{"line":4,"column":2},"end":{"line":7,"column":4}},"1":{"start":{"line":3,"column":0},"end":{"line":3,"column":16}}},"fnMap":{"0":{"name":"participantNotFoundError","decl":{"start":{"line":3,"column":16},"end":{"line":3,"column":40}},"loc":{"start":{"line":3,"column":40},"end":{"line":8,"column":1}}}},"branchMap":{},"s":{"0":1,"1":4},"f":{"0":1},"b":{}}
,"/home/lucas-pacheco/Área de Trabalho/workspace/modulo-7/quer-apostar-quanto/src/middlewares/index.ts": {"path":"/home/lucas-pacheco/Área de Trabalho/workspace/modulo-7/quer-apostar-quanto/src/middlewares/index.ts","statementMap":{"0":{"start":{"line":1,"column":0},"end":{"line":1,"column":40}}},"fnMap":{},"branchMap":{},"s":{"0":4},"f":{},"b":{}}
,"/home/lucas-pacheco/Área de Trabalho/workspace/modulo-7/quer-apostar-quanto/src/middlewares/validation-middleware.ts": {"path":"/home/lucas-pacheco/Área de Trabalho/workspace/modulo-7/quer-apostar-quanto/src/middlewares/validation-middleware.ts","statementMap":{"0":{"start":{"line":2,"column":0},"end":{"line":2,"column":37}},"1":{"start":{"line":4,"column":0},"end":{"line":4,"column":45}},"2":{"start":{"line":7,"column":4},"end":{"line":7,"column":36}},"3":{"start":{"line":6,"column":0},"end":{"line":6,"column":16}},"4":{"start":{"line":11,"column":4},"end":{"line":11,"column":38}},"5":{"start":{"line":10,"column":0},"end":{"line":10,"column":16}},"6":{"start":{"line":15,"column":4},"end":{"line":25,"column":6}},"7":{"start":{"line":16,"column":26},"end":{"line":18,"column":10}},"8":{"start":{"line":20,"column":8},"end":{"line":24,"column":null}},"9":{"start":{"line":21,"column":12},"end":{"line":21,"column":19}},"10":{"start":{"line":23,"column":12},"end":{"line":23,"column":107}},"11":{"start":{"line":23,"column":94},"end":{"line":23,"column":103}}},"fnMap":{"0":{"name":"validateBody","decl":{"start":{"line":6,"column":16},"end":{"line":6,"column":28}},"loc":{"start":{"line":6,"column":55},"end":{"line":8,"column":1}}},"1":{"name":"validateParams","decl":{"start":{"line":10,"column":16},"end":{"line":10,"column":30}},"loc":{"start":{"line":10,"column":57},"end":{"line":12,"column":1}}},"2":{"name":"validate","decl":{"start":{"line":14,"column":9},"end":{"line":14,"column":17}},"loc":{"start":{"line":14,"column":63},"end":{"line":26,"column":1}}},"3":{"name":"(anonymous_4)","decl":{"start":{"line":15,"column":11},"end":{"line":15,"column":12}},"loc":{"start":{"line":15,"column":63},"end":{"line":25,"column":5}}},"4":{"name":"(anonymous_5)","decl":{"start":{"line":23,"column":87},"end":{"line":23,"column":88}},"loc":{"start":{"line":23,"column":94},"end":{"line":23,"column":103}}}},"branchMap":{"0":{"loc":{"start":{"line":20,"column":8},"end":{"line":24,"column":null}},"type":"if","locations":[{"start":{"line":20,"column":8},"end":{"line":24,"column":null}},{"start":{"line":22,"column":15},"end":{"line":24,"column":null}}]}},"s":{"0":4,"1":4,"2":16,"3":4,"4":0,"5":4,"6":16,"7":16,"8":16,"9":11,"10":5,"11":9},"f":{"0":16,"1":0,"2":16,"3":16,"4":9},"b":{"0":[11,5]}}
,"/home/lucas-pacheco/Área de Trabalho/workspace/modulo-7/quer-apostar-quanto/src/repositories/bets-repository/index.ts": {"path":"/home/lucas-pacheco/Área de Trabalho/workspace/modulo-7/quer-apostar-quanto/src/repositories/bets-repository/index.ts","statementMap":{"0":{"start":{"line":1,"column":0},"end":{"line":1,"column":34}},"1":{"start":{"line":4,"column":4},"end":{"line":12,"column":7}},"2":{"start":{"line":15,"column":0},"end":{"line":17,"column":null}}},"fnMap":{"0":{"name":"createBet","decl":{"start":{"line":3,"column":15},"end":{"line":3,"column":24}},"loc":{"start":{"line":3,"column":127},"end":{"line":13,"column":2}}}},"branchMap":{},"s":{"0":4,"1":2,"2":4},"f":{"0":2},"b":{}}
,"/home/lucas-pacheco/Área de Trabalho/workspace/modulo-7/quer-apostar-quanto/src/repositories/games-repository/index.ts": {"path":"/home/lucas-pacheco/Área de Trabalho/workspace/modulo-7/quer-apostar-quanto/src/repositories/games-repository/index.ts","statementMap":{"0":{"start":{"line":1,"column":0},"end":{"line":1,"column":34}},"1":{"start":{"line":4,"column":4},"end":{"line":9,"column":7}},"2":{"start":{"line":13,"column":4},"end":{"line":22,"column":7}},"3":{"start":{"line":26,"column":4},"end":{"line":26,"column":34}},"4":{"start":{"line":30,"column":4},"end":{"line":37,"column":7}},"5":{"start":{"line":40,"column":0},"end":{"line":45,"column":2}}},"fnMap":{"0":{"name":"createGame","decl":{"start":{"line":3,"column":15},"end":{"line":3,"column":25}},"loc":{"start":{"line":3,"column":68},"end":{"line":10,"column":2}}},"1":{"name":"finishGame","decl":{"start":{"line":12,"column":15},"end":{"line":12,"column":25}},"loc":{"start":{"line":12,"column":82},"end":{"line":23,"column":2}}},"2":{"name":"getGames","decl":{"start":{"line":25,"column":15},"end":{"line":25,"column":23}},"loc":{"start":{"line":25,"column":23},"end":{"line":27,"column":2}}},"3":{"name":"getGameById","decl":{"start":{"line":29,"column":15},"end":{"line":29,"column":26}},"loc":{"start":{"line":29,"column":37},"end":{"line":38,"column":2}}}},"branchMap":{},"s":{"0":4,"1":1,"2":2,"3":2,"4":9,"5":4},"f":{"0":1,"1":2,"2":2,"3":9},"b":{}}
,"/home/lucas-pacheco/Área de Trabalho/workspace/modulo-7/quer-apostar-quanto/src/repositories/participants-repository/index.ts": {"path":"/home/lucas-pacheco/Área de Trabalho/workspace/modulo-7/quer-apostar-quanto/src/repositories/participants-repository/index.ts","statementMap":{"0":{"start":{"line":1,"column":0},"end":{"line":1,"column":34}},"1":{"start":{"line":4,"column":4},"end":{"line":9,"column":7}},"2":{"start":{"line":13,"column":4},"end":{"line":13,"column":41}},"3":{"start":{"line":17,"column":4},"end":{"line":21,"column":7}},"4":{"start":{"line":25,"column":4},"end":{"line":32,"column":7}},"5":{"start":{"line":35,"column":0},"end":{"line":40,"column":2}}},"fnMap":{"0":{"name":"createParticipant","decl":{"start":{"line":3,"column":15},"end":{"line":3,"column":32}},"loc":{"start":{"line":3,"column":62},"end":{"line":10,"column":2}}},"1":{"name":"getParticipants","decl":{"start":{"line":12,"column":15},"end":{"line":12,"column":30}},"loc":{"start":{"line":12,"column":30},"end":{"line":14,"column":null}}},"2":{"name":"getParticipantById","decl":{"start":{"line":16,"column":15},"end":{"line":16,"column":33}},"loc":{"start":{"line":16,"column":44},"end":{"line":22,"column":2}}},"3":{"name":"updateBalanceByParticipantId","decl":{"start":{"line":24,"column":15},"end":{"line":24,"column":43}},"loc":{"start":{"line":24,"column":71},"end":{"line":33,"column":2}}}},"branchMap":{},"s":{"0":4,"1":1,"2":2,"3":5,"4":2,"5":4},"f":{"0":1,"1":2,"2":5,"3":2},"b":{}}
,"/home/lucas-pacheco/Área de Trabalho/workspace/modulo-7/quer-apostar-quanto/src/routers/bets-router.ts": {"path":"/home/lucas-pacheco/Área de Trabalho/workspace/modulo-7/quer-apostar-quanto/src/routers/bets-router.ts","statementMap":{"0":{"start":{"line":1,"column":0},"end":{"line":1,"column":33}},"1":{"start":{"line":2,"column":0},"end":{"line":2,"column":46}},"2":{"start":{"line":3,"column":0},"end":{"line":3,"column":39}},"3":{"start":{"line":4,"column":0},"end":{"line":4,"column":59}},"4":{"start":{"line":6,"column":19},"end":{"line":6,"column":27}},"5":{"start":{"line":10,"column":9},"end":{"line":10,"column":19}},"6":{"start":{"line":8,"column":0},"end":{"line":8,"column":57}}},"fnMap":{},"branchMap":{},"s":{"0":4,"1":4,"2":4,"3":4,"4":4,"5":4,"6":4},"f":{},"b":{}}
,"/home/lucas-pacheco/Área de Trabalho/workspace/modulo-7/quer-apostar-quanto/src/routers/games-router.ts": {"path":"/home/lucas-pacheco/Área de Trabalho/workspace/modulo-7/quer-apostar-quanto/src/routers/games-router.ts","statementMap":{"0":{"start":{"line":1,"column":0},"end":{"line":1,"column":33}},"1":{"start":{"line":2,"column":0},"end":{"line":2,"column":46}},"2":{"start":{"line":3,"column":0},"end":{"line":3,"column":64}},"3":{"start":{"line":4,"column":0},"end":{"line":4,"column":96}},"4":{"start":{"line":6,"column":20},"end":{"line":6,"column":28}},"5":{"start":{"line":14,"column":9},"end":{"line":14,"column":20}},"6":{"start":{"line":8,"column":0},"end":{"line":12,"column":34}}},"fnMap":{},"branchMap":{},"s":{"0":4,"1":4,"2":4,"3":4,"4":4,"5":4,"6":4},"f":{},"b":{}}
,"/home/lucas-pacheco/Área de Trabalho/workspace/modulo-7/quer-apostar-quanto/src/routers/index.ts": {"path":"/home/lucas-pacheco/Área de Trabalho/workspace/modulo-7/quer-apostar-quanto/src/routers/index.ts","statementMap":{"0":{"start":{"line":1,"column":0},"end":{"line":1,"column":38}},"1":{"start":{"line":2,"column":0},"end":{"line":2,"column":31}},"2":{"start":{"line":3,"column":0},"end":{"line":3,"column":30}}},"fnMap":{},"branchMap":{},"s":{"0":4,"1":4,"2":4},"f":{},"b":{}}
,"/home/lucas-pacheco/Área de Trabalho/workspace/modulo-7/quer-apostar-quanto/src/routers/participants-router.ts": {"path":"/home/lucas-pacheco/Área de Trabalho/workspace/modulo-7/quer-apostar-quanto/src/routers/participants-router.ts","statementMap":{"0":{"start":{"line":1,"column":0},"end":{"line":1,"column":33}},"1":{"start":{"line":2,"column":0},"end":{"line":2,"column":52}},"2":{"start":{"line":3,"column":0},"end":{"line":3,"column":68}},"3":{"start":{"line":4,"column":0},"end":{"line":4,"column":92}},"4":{"start":{"line":6,"column":27},"end":{"line":6,"column":35}},"5":{"start":{"line":12,"column":9},"end":{"line":12,"column":27}},"6":{"start":{"line":8,"column":0},"end":{"line":10,"column":31}}},"fnMap":{},"branchMap":{},"s":{"0":4,"1":4,"2":4,"3":4,"4":4,"5":4,"6":4},"f":{},"b":{}}
,"/home/lucas-pacheco/Área de Trabalho/workspace/modulo-7/quer-apostar-quanto/src/schemas/bets-schemas.ts": {"path":"/home/lucas-pacheco/Área de Trabalho/workspace/modulo-7/quer-apostar-quanto/src/schemas/bets-schemas.ts","statementMap":{"0":{"start":{"line":1,"column":0},"end":{"line":1,"column":22}},"1":{"start":{"line":3,"column":13},"end":{"line":9,"column":3}}},"fnMap":{},"branchMap":{},"s":{"0":4,"1":4},"f":{},"b":{}}
,"/home/lucas-pacheco/Área de Trabalho/workspace/modulo-7/quer-apostar-quanto/src/schemas/games-schemas.ts": {"path":"/home/lucas-pacheco/Área de Trabalho/workspace/modulo-7/quer-apostar-quanto/src/schemas/games-schemas.ts","statementMap":{"0":{"start":{"line":1,"column":0},"end":{"line":1,"column":22}},"1":{"start":{"line":3,"column":13},"end":{"line":6,"column":3}},"2":{"start":{"line":8,"column":13},"end":{"line":11,"column":3}}},"fnMap":{},"branchMap":{},"s":{"0":4,"1":4,"2":4},"f":{},"b":{}}
,"/home/lucas-pacheco/Área de Trabalho/workspace/modulo-7/quer-apostar-quanto/src/schemas/index.ts": {"path":"/home/lucas-pacheco/Área de Trabalho/workspace/modulo-7/quer-apostar-quanto/src/schemas/index.ts","statementMap":{"0":{"start":{"line":1,"column":0},"end":{"line":1,"column":31}},"1":{"start":{"line":2,"column":0},"end":{"line":2,"column":32}},"2":{"start":{"line":3,"column":0},"end":{"line":3,"column":39}}},"fnMap":{},"branchMap":{},"s":{"0":4,"1":4,"2":4},"f":{},"b":{}}
,"/home/lucas-pacheco/Área de Trabalho/workspace/modulo-7/quer-apostar-quanto/src/schemas/participants-schemas.ts": {"path":"/home/lucas-pacheco/Área de Trabalho/workspace/modulo-7/quer-apostar-quanto/src/schemas/participants-schemas.ts","statementMap":{"0":{"start":{"line":1,"column":0},"end":{"line":1,"column":22}},"1":{"start":{"line":3,"column":13},"end":{"line":6,"column":3}}},"fnMap":{},"branchMap":{},"s":{"0":4,"1":4},"f":{},"b":{}}
,"/home/lucas-pacheco/Área de Trabalho/workspace/modulo-7/quer-apostar-quanto/src/services/bets-service/index.ts": {"path":"/home/lucas-pacheco/Área de Trabalho/workspace/modulo-7/quer-apostar-quanto/src/services/bets-service/index.ts","statementMap":{"0":{"start":{"line":1,"column":0},"end":{"line":1,"column":102}},"1":{"start":{"line":2,"column":0},"end":{"line":2,"column":79}},"2":{"start":{"line":3,"column":0},"end":{"line":3,"column":64}},"3":{"start":{"line":4,"column":0},"end":{"line":4,"column":66}},"4":{"start":{"line":5,"column":0},"end":{"line":5,"column":79}},"5":{"start":{"line":8,"column":30},"end":{"line":8,"column":92}},"6":{"start":{"line":9,"column":4},"end":{"line":9,"column":60}},"7":{"start":{"line":9,"column":27},"end":{"line":9,"column":60}},"8":{"start":{"line":10,"column":4},"end":{"line":10,"column":83}},"9":{"start":{"line":10,"column":52},"end":{"line":10,"column":83}},"10":{"start":{"line":12,"column":23},"end":{"line":12,"column":64}},"11":{"start":{"line":13,"column":4},"end":{"line":13,"column":46}},"12":{"start":{"line":13,"column":20},"end":{"line":13,"column":46}},"13":{"start":{"line":14,"column":4},"end":{"line":14,"column":64}},"14":{"start":{"line":14,"column":30},"end":{"line":14,"column":64}},"15":{"start":{"line":16,"column":27},"end":{"line":16,"column":64}},"16":{"start":{"line":18,"column":22},"end":{"line":18,"column":116}},"17":{"start":{"line":19,"column":4},"end":{"line":19,"column":93}},"18":{"start":{"line":20,"column":4},"end":{"line":20,"column":21}},"19":{"start":{"line":23,"column":0},"end":{"line":25,"column":null}}},"fnMap":{"0":{"name":"createBet","decl":{"start":{"line":7,"column":15},"end":{"line":7,"column":24}},"loc":{"start":{"line":7,"column":127},"end":{"line":21,"column":null}}}},"branchMap":{"0":{"loc":{"start":{"line":9,"column":4},"end":{"line":9,"column":60}},"type":"if","locations":[{"start":{"line":9,"column":4},"end":{"line":9,"column":60}}]},"1":{"loc":{"start":{"line":10,"column":4},"end":{"line":10,"column":83}},"type":"if","locations":[{"start":{"line":10,"column":4},"end":{"line":10,"column":83}}]},"2":{"loc":{"start":{"line":13,"column":4},"end":{"line":13,"column":46}},"type":"if","locations":[{"start":{"line":13,"column":4},"end":{"line":13,"column":46}}]},"3":{"loc":{"start":{"line":14,"column":4},"end":{"line":14,"column":64}},"type":"if","locations":[{"start":{"line":14,"column":4},"end":{"line":14,"column":64}}]}},"s":{"0":4,"1":4,"2":4,"3":4,"4":4,"5":5,"6":5,"7":1,"8":4,"9":1,"10":3,"11":3,"12":1,"13":2,"14":0,"15":2,"16":2,"17":2,"18":2,"19":4},"f":{"0":5},"b":{"0":[1],"1":[1],"2":[1],"3":[0]}}
,"/home/lucas-pacheco/Área de Trabalho/workspace/modulo-7/quer-apostar-quanto/src/services/games-service/index.ts": {"path":"/home/lucas-pacheco/Área de Trabalho/workspace/modulo-7/quer-apostar-quanto/src/services/games-service/index.ts","statementMap":{"0":{"start":{"line":1,"column":0},"end":{"line":1,"column":86}},"1":{"start":{"line":2,"column":0},"end":{"line":2,"column":61}},"2":{"start":{"line":3,"column":0},"end":{"line":3,"column":66}},"3":{"start":{"line":6,"column":17},"end":{"line":6,"column":77}},"4":{"start":{"line":7,"column":4},"end":{"line":7,"column":16}},"5":{"start":{"line":11,"column":23},"end":{"line":11,"column":48}},"6":{"start":{"line":12,"column":4},"end":{"line":12,"column":42}},"7":{"start":{"line":12,"column":20},"end":{"line":12,"column":42}},"8":{"start":{"line":13,"column":4},"end":{"line":13,"column":64}},"9":{"start":{"line":13,"column":30},"end":{"line":13,"column":64}},"10":{"start":{"line":15,"column":25},"end":{"line":15,"column":95}},"11":{"start":{"line":16,"column":4},"end":{"line":16,"column":24}},"12":{"start":{"line":20,"column":18},"end":{"line":20,"column":50}},"13":{"start":{"line":21,"column":4},"end":{"line":21,"column":17}},"14":{"start":{"line":25,"column":17},"end":{"line":25,"column":58}},"15":{"start":{"line":26,"column":4},"end":{"line":26,"column":36}},"16":{"start":{"line":26,"column":14},"end":{"line":26,"column":36}},"17":{"start":{"line":28,"column":4},"end":{"line":28,"column":16}},"18":{"start":{"line":31,"column":0},"end":{"line":36,"column":null}}},"fnMap":{"0":{"name":"createGame","decl":{"start":{"line":5,"column":15},"end":{"line":5,"column":25}},"loc":{"start":{"line":5,"column":68},"end":{"line":8,"column":null}}},"1":{"name":"finishGame","decl":{"start":{"line":10,"column":15},"end":{"line":10,"column":25}},"loc":{"start":{"line":10,"column":86},"end":{"line":17,"column":null}}},"2":{"name":"getGames","decl":{"start":{"line":19,"column":15},"end":{"line":19,"column":23}},"loc":{"start":{"line":19,"column":23},"end":{"line":22,"column":null}}},"3":{"name":"getGameById","decl":{"start":{"line":24,"column":15},"end":{"line":24,"column":26}},"loc":{"start":{"line":24,"column":41},"end":{"line":29,"column":null}}}},"branchMap":{"0":{"loc":{"start":{"line":12,"column":4},"end":{"line":12,"column":42}},"type":"if","locations":[{"start":{"line":12,"column":4},"end":{"line":12,"column":42}}]},"1":{"loc":{"start":{"line":13,"column":4},"end":{"line":13,"column":64}},"type":"if","locations":[{"start":{"line":13,"column":4},"end":{"line":13,"column":64}}]},"2":{"loc":{"start":{"line":26,"column":4},"end":{"line":26,"column":36}},"type":"if","locations":[{"start":{"line":26,"column":4},"end":{"line":26,"column":36}}]}},"s":{"0":4,"1":4,"2":4,"3":1,"4":1,"5":4,"6":3,"7":0,"8":3,"9":1,"10":2,"11":2,"12":2,"13":2,"14":6,"15":6,"16":2,"17":4,"18":4},"f":{"0":1,"1":4,"2":2,"3":6},"b":{"0":[0],"1":[1],"2":[2]}}
,"/home/lucas-pacheco/Área de Trabalho/workspace/modulo-7/quer-apostar-quanto/src/services/participants-service/index.ts": {"path":"/home/lucas-pacheco/Área de Trabalho/workspace/modulo-7/quer-apostar-quanto/src/services/participants-service/index.ts","statementMap":{"0":{"start":{"line":1,"column":0},"end":{"line":1,"column":80}},"1":{"start":{"line":4,"column":24},"end":{"line":4,"column":85}},"2":{"start":{"line":5,"column":4},"end":{"line":5,"column":23}},"3":{"start":{"line":9,"column":25},"end":{"line":9,"column":71}},"4":{"start":{"line":10,"column":4},"end":{"line":10,"column":24}},"5":{"start":{"line":13,"column":0},"end":{"line":16,"column":2}}},"fnMap":{"0":{"name":"createParticipant","decl":{"start":{"line":3,"column":15},"end":{"line":3,"column":32}},"loc":{"start":{"line":3,"column":62},"end":{"line":6,"column":null}}},"1":{"name":"getParticipants","decl":{"start":{"line":8,"column":15},"end":{"line":8,"column":30}},"loc":{"start":{"line":8,"column":30},"end":{"line":11,"column":null}}}},"branchMap":{},"s":{"0":4,"1":1,"2":1,"3":2,"4":2,"5":4},"f":{"0":1,"1":2},"b":{}}
,"/home/lucas-pacheco/Área de Trabalho/workspace/modulo-7/quer-apostar-quanto/tests/helpers.ts": {"path":"/home/lucas-pacheco/Área de Trabalho/workspace/modulo-7/quer-apostar-quanto/tests/helpers.ts","statementMap":{"0":{"start":{"line":1,"column":0},"end":{"line":1,"column":35}},"1":{"start":{"line":4,"column":2},"end":{"line":4,"column":34}},"2":{"start":{"line":5,"column":2},"end":{"line":5,"column":42}},"3":{"start":{"line":6,"column":2},"end":{"line":6,"column":35}},"4":{"start":{"line":3,"column":0},"end":{"line":3,"column":22}}},"fnMap":{"0":{"name":"cleanDb","decl":{"start":{"line":3,"column":22},"end":{"line":3,"column":29}},"loc":{"start":{"line":3,"column":29},"end":{"line":7,"column":null}}}},"branchMap":{},"s":{"0":3,"1":21,"2":21,"3":21,"4":3},"f":{"0":21},"b":{}}
,"/home/lucas-pacheco/Área de Trabalho/workspace/modulo-7/quer-apostar-quanto/tests/factories/bet-factory.ts": {"path":"/home/lucas-pacheco/Área de Trabalho/workspace/modulo-7/quer-apostar-quanto/tests/factories/bet-factory.ts","statementMap":{"0":{"start":{"line":1,"column":0},"end":{"line":1,"column":40}},"1":{"start":{"line":2,"column":0},"end":{"line":2,"column":38}},"2":{"start":{"line":3,"column":0},"end":{"line":3,"column":57}},"3":{"start":{"line":4,"column":0},"end":{"line":4,"column":43}},"4":{"start":{"line":7,"column":24},"end":{"line":7,"column":48}},"5":{"start":{"line":8,"column":17},"end":{"line":8,"column":34}},"6":{"start":{"line":10,"column":4},"end":{"line":24,"column":7}},"7":{"start":{"line":6,"column":0},"end":{"line":6,"column":22}},"8":{"start":{"line":28,"column":4},"end":{"line":40,"column":6}},"9":{"start":{"line":27,"column":0},"end":{"line":27,"column":22}}},"fnMap":{"0":{"name":"buildBet","decl":{"start":{"line":6,"column":22},"end":{"line":6,"column":30}},"loc":{"start":{"line":6,"column":30},"end":{"line":25,"column":2}}},"1":{"name":"buildBetInput","decl":{"start":{"line":27,"column":22},"end":{"line":27,"column":35}},"loc":{"start":{"line":27,"column":93},"end":{"line":41,"column":2}}}},"branchMap":{"0":{"loc":{"start":{"line":37,"column":19},"end":{"line":37,"column":36}},"type":"binary-expr","locations":[{"start":{"line":37,"column":19},"end":{"line":37,"column":28}},{"start":{"line":37,"column":32},"end":{"line":37,"column":36}}]}},"s":{"0":1,"1":1,"2":1,"3":1,"4":0,"5":0,"6":0,"7":1,"8":5,"9":1},"f":{"0":0,"1":5},"b":{"0":[5,0]}}
,"/home/lucas-pacheco/Área de Trabalho/workspace/modulo-7/quer-apostar-quanto/tests/factories/game-factory.ts": {"path":"/home/lucas-pacheco/Área de Trabalho/workspace/modulo-7/quer-apostar-quanto/tests/factories/game-factory.ts","statementMap":{"0":{"start":{"line":1,"column":0},"end":{"line":1,"column":40}},"1":{"start":{"line":2,"column":0},"end":{"line":2,"column":38}},"2":{"start":{"line":5,"column":4},"end":{"line":10,"column":7}},"3":{"start":{"line":4,"column":0},"end":{"line":4,"column":22}},"4":{"start":{"line":14,"column":4},"end":{"line":17,"column":6}},"5":{"start":{"line":13,"column":0},"end":{"line":13,"column":22}},"6":{"start":{"line":21,"column":4},"end":{"line":30,"column":6}},"7":{"start":{"line":20,"column":0},"end":{"line":20,"column":22}}},"fnMap":{"0":{"name":"buildGame","decl":{"start":{"line":4,"column":22},"end":{"line":4,"column":31}},"loc":{"start":{"line":4,"column":76},"end":{"line":11,"column":2}}},"1":{"name":"buildGameInput","decl":{"start":{"line":13,"column":22},"end":{"line":13,"column":36}},"loc":{"start":{"line":13,"column":81},"end":{"line":18,"column":2}}},"2":{"name":"buildScoreInput","decl":{"start":{"line":20,"column":22},"end":{"line":20,"column":37}},"loc":{"start":{"line":20,"column":84},"end":{"line":31,"column":2}}}},"branchMap":{"0":{"loc":{"start":{"line":7,"column":26},"end":{"line":7,"column":62}},"type":"binary-expr","locations":[{"start":{"line":7,"column":26},"end":{"line":7,"column":38}},{"start":{"line":7,"column":42},"end":{"line":7,"column":62}}]},"1":{"loc":{"start":{"line":8,"column":26},"end":{"line":8,"column":62}},"type":"binary-expr","locations":[{"start":{"line":8,"column":26},"end":{"line":8,"column":38}},{"start":{"line":8,"column":42},"end":{"line":8,"column":62}}]},"2":{"loc":{"start":{"line":15,"column":22},"end":{"line":15,"column":58}},"type":"binary-expr","locations":[{"start":{"line":15,"column":22},"end":{"line":15,"column":34}},{"start":{"line":15,"column":38},"end":{"line":15,"column":58}}]},"3":{"loc":{"start":{"line":16,"column":22},"end":{"line":16,"column":58}},"type":"binary-expr","locations":[{"start":{"line":16,"column":22},"end":{"line":16,"column":34}},{"start":{"line":16,"column":38},"end":{"line":16,"column":58}}]},"4":{"loc":{"start":{"line":22,"column":23},"end":{"line":25,"column":10}},"type":"binary-expr","locations":[{"start":{"line":22,"column":23},"end":{"line":22,"column":36}},{"start":{"line":22,"column":40},"end":{"line":25,"column":10}}]},"5":{"loc":{"start":{"line":26,"column":23},"end":{"line":29,"column":10}},"type":"binary-expr","locations":[{"start":{"line":26,"column":23},"end":{"line":26,"column":36}},{"start":{"line":26,"column":40},"end":{"line":29,"column":10}}]}},"s":{"0":2,"1":2,"2":11,"3":2,"4":1,"5":2,"6":3,"7":2},"f":{"0":11,"1":1,"2":3},"b":{"0":[11,11],"1":[11,11],"2":[1,1],"3":[1,1],"4":[3,3],"5":[3,3]}}
,"/home/lucas-pacheco/Área de Trabalho/workspace/modulo-7/quer-apostar-quanto/tests/factories/participant-factory.ts": {"path":"/home/lucas-pacheco/Área de Trabalho/workspace/modulo-7/quer-apostar-quanto/tests/factories/participant-factory.ts","statementMap":{"0":{"start":{"line":1,"column":0},"end":{"line":1,"column":40}},"1":{"start":{"line":2,"column":0},"end":{"line":2,"column":38}},"2":{"start":{"line":5,"column":4},"end":{"line":13,"column":7}},"3":{"start":{"line":4,"column":0},"end":{"line":4,"column":22}},"4":{"start":{"line":17,"column":4},"end":{"line":23,"column":6}},"5":{"start":{"line":16,"column":0},"end":{"line":16,"column":22}}},"fnMap":{"0":{"name":"buildParticipant","decl":{"start":{"line":4,"column":22},"end":{"line":4,"column":38}},"loc":{"start":{"line":4,"column":70},"end":{"line":14,"column":2}}},"1":{"name":"buildParticipantInput","decl":{"start":{"line":16,"column":22},"end":{"line":16,"column":43}},"loc":{"start":{"line":16,"column":75},"end":{"line":24,"column":2}}}},"branchMap":{"0":{"loc":{"start":{"line":7,"column":18},"end":{"line":7,"column":51}},"type":"binary-expr","locations":[{"start":{"line":7,"column":18},"end":{"line":7,"column":22}},{"start":{"line":7,"column":26},"end":{"line":7,"column":51}}]},"1":{"loc":{"start":{"line":8,"column":21},"end":{"line":11,"column":14}},"type":"binary-expr","locations":[{"start":{"line":8,"column":21},"end":{"line":8,"column":28}},{"start":{"line":8,"column":32},"end":{"line":11,"column":14}}]},"2":{"loc":{"start":{"line":18,"column":14},"end":{"line":18,"column":47}},"type":"binary-expr","locations":[{"start":{"line":18,"column":14},"end":{"line":18,"column":18}},{"start":{"line":18,"column":22},"end":{"line":18,"column":47}}]},"3":{"loc":{"start":{"line":19,"column":17},"end":{"line":22,"column":10}},"type":"binary-expr","locations":[{"start":{"line":19,"column":17},"end":{"line":19,"column":24}},{"start":{"line":19,"column":28},"end":{"line":22,"column":10}}]}},"s":{"0":2,"1":2,"2":7,"3":2,"4":1,"5":2},"f":{"0":7,"1":1},"b":{"0":[7,7],"1":[7,7],"2":[1,1],"3":[1,1]}}
}
