TN:
SF:src/app.ts
FN:10,(anonymous_1)
FNF:1
FNH:1
FNDA:1,(anonymous_1)
DA:1,4
DA:2,4
DA:3,4
DA:5,4
DA:7,4
DA:10,1
DA:15,4
LF:7
LH:7
BRF:0
BRH:0
end_of_record
TN:
SF:src/config/index.ts
FNF:0
FNH:0
DA:1,4
DA:3,4
DA:5,4
LF:3
LH:3
BRF:0
BRH:0
end_of_record
TN:
SF:src/controllers/bets-controller.ts
FN:6,createBet
FNF:1
FNH:1
FNDA:5,createBet
DA:3,4
DA:4,4
DA:6,4
DA:7,5
DA:9,5
DA:10,5
DA:11,2
DA:13,3
DA:14,1
DA:16,2
DA:17,1
DA:19,1
DA:20,1
DA:22,0
DA:23,0
DA:25,0
LF:16
LH:13
BRDA:13,0,0,1
BRDA:16,1,0,1
BRDA:19,2,0,1
BRDA:22,3,0,0
BRF:4
BRH:3
end_of_record
TN:
SF:src/controllers/games-controller.ts
FN:6,createGame
FN:17,finishGame
FN:35,getGames
FN:44,getGameById
FNF:4
FNH:4
FNDA:1,createGame
FNDA:4,finishGame
FNDA:2,getGames
FNDA:2,getGameById
DA:3,4
DA:4,4
DA:6,4
DA:7,1
DA:9,1
DA:10,1
DA:11,1
DA:13,0
DA:17,4
DA:18,4
DA:19,4
DA:21,4
DA:22,4
DA:23,2
DA:25,2
DA:26,1
DA:28,1
DA:29,1
DA:31,0
DA:35,4
DA:36,2
DA:37,2
DA:38,2
DA:40,0
DA:44,4
DA:45,2
DA:47,2
DA:48,2
DA:49,1
DA:51,1
LF:30
LH:27
BRDA:25,0,0,1
BRDA:28,1,0,1
BRF:2
BRH:2
end_of_record
TN:
SF:src/controllers/participants-controller.ts
FN:6,createParticipant
FN:17,getParticipants
FNF:2
FNH:2
FNDA:1,createParticipant
FNDA:2,getParticipants
DA:3,4
DA:4,4
DA:6,4
DA:7,1
DA:9,1
DA:10,1
DA:11,1
DA:13,0
DA:17,4
DA:18,2
DA:19,2
DA:20,2
DA:22,0
LF:13
LH:11
BRF:0
BRH:0
end_of_record
TN:
SF:src/errors/game-not-found-error.ts
FN:3,gameNotFoundError
FNF:1
FNH:1
FNDA:1,gameNotFoundError
DA:3,4
DA:4,1
LF:2
LH:2
BRF:0
BRH:0
end_of_record
TN:
SF:src/errors/games-already-finished-error.ts
FN:3,gamesAlreadyFinishedError
FNF:1
FNH:1
FNDA:1,gamesAlreadyFinishedError
DA:3,4
DA:4,1
LF:2
LH:2
BRF:0
BRH:0
end_of_record
TN:
SF:src/errors/index.ts
FNF:0
FNH:0
DA:1,4
DA:2,4
DA:3,4
DA:4,4
DA:5,4
LF:5
LH:5
BRF:0
BRH:0
end_of_record
TN:
SF:src/errors/insufficient-funds-error.ts
FN:3,insufficientFundsError
FNF:1
FNH:1
FNDA:1,insufficientFundsError
DA:3,4
DA:4,1
LF:2
LH:2
BRF:0
BRH:0
end_of_record
TN:
SF:src/errors/invalid-data-error.ts
FN:3,invalidDataError
FNF:1
FNH:1
FNDA:5,invalidDataError
DA:3,4
DA:4,5
LF:2
LH:2
BRF:0
BRH:0
end_of_record
TN:
SF:src/errors/not-found-error.ts
FN:3,notFoundError
FNF:1
FNH:1
FNDA:2,notFoundError
DA:3,4
DA:4,2
LF:2
LH:2
BRF:0
BRH:0
end_of_record
TN:
SF:src/errors/participant-not-found-error.ts
FN:3,participantNotFoundError
FNF:1
FNH:1
FNDA:1,participantNotFoundError
DA:3,4
DA:4,1
LF:2
LH:2
BRF:0
BRH:0
end_of_record
TN:
SF:src/middlewares/index.ts
FNF:0
FNH:0
DA:1,4
LF:1
LH:1
BRF:0
BRH:0
end_of_record
TN:
SF:src/middlewares/validation-middleware.ts
FN:6,validateBody
FN:10,validateParams
FN:14,validate
FN:15,(anonymous_4)
FN:23,(anonymous_5)
FNF:5
FNH:4
FNDA:16,validateBody
FNDA:0,validateParams
FNDA:16,validate
FNDA:16,(anonymous_4)
FNDA:9,(anonymous_5)
DA:2,4
DA:4,4
DA:6,4
DA:7,16
DA:10,4
DA:11,0
DA:15,16
DA:16,16
DA:20,16
DA:21,11
DA:23,9
LF:11
LH:10
BRDA:20,0,0,11
BRDA:20,0,1,5
BRF:2
BRH:2
end_of_record
TN:
SF:src/repositories/bets-repository/index.ts
FN:3,createBet
FNF:1
FNH:1
FNDA:2,createBet
DA:1,4
DA:4,2
DA:15,4
LF:3
LH:3
BRF:0
BRH:0
end_of_record
TN:
SF:src/repositories/games-repository/index.ts
FN:3,createGame
FN:12,finishGame
FN:25,getGames
FN:29,getGameById
FNF:4
FNH:4
FNDA:1,createGame
FNDA:2,finishGame
FNDA:2,getGames
FNDA:9,getGameById
DA:1,4
DA:4,1
DA:13,2
DA:26,2
DA:30,9
DA:40,4
LF:6
LH:6
BRF:0
BRH:0
end_of_record
TN:
SF:src/repositories/participants-repository/index.ts
FN:3,createParticipant
FN:12,getParticipants
FN:16,getParticipantById
FN:24,updateBalanceByParticipantId
FNF:4
FNH:4
FNDA:1,createParticipant
FNDA:2,getParticipants
FNDA:5,getParticipantById
FNDA:2,updateBalanceByParticipantId
DA:1,4
DA:4,1
DA:13,2
DA:17,5
DA:25,2
DA:35,4
LF:6
LH:6
BRF:0
BRH:0
end_of_record
TN:
SF:src/routers/bets-router.ts
FNF:0
FNH:0
DA:1,4
DA:2,4
DA:3,4
DA:4,4
DA:6,4
DA:8,4
DA:10,4
LF:7
LH:7
BRF:0
BRH:0
end_of_record
TN:
SF:src/routers/games-router.ts
FNF:0
FNH:0
DA:1,4
DA:2,4
DA:3,4
DA:4,4
DA:6,4
DA:8,4
DA:14,4
LF:7
LH:7
BRF:0
BRH:0
end_of_record
TN:
SF:src/routers/index.ts
FNF:0
FNH:0
DA:1,4
DA:2,4
DA:3,4
LF:3
LH:3
BRF:0
BRH:0
end_of_record
TN:
SF:src/routers/participants-router.ts
FNF:0
FNH:0
DA:1,4
DA:2,4
DA:3,4
DA:4,4
DA:6,4
DA:8,4
DA:12,4
LF:7
LH:7
BRF:0
BRH:0
end_of_record
TN:
SF:src/schemas/bets-schemas.ts
FNF:0
FNH:0
DA:1,4
DA:3,4
LF:2
LH:2
BRF:0
BRH:0
end_of_record
TN:
SF:src/schemas/games-schemas.ts
FNF:0
FNH:0
DA:1,4
DA:3,4
DA:8,4
LF:3
LH:3
BRF:0
BRH:0
end_of_record
TN:
SF:src/schemas/index.ts
FNF:0
FNH:0
DA:1,4
DA:2,4
DA:3,4
LF:3
LH:3
BRF:0
BRH:0
end_of_record
TN:
SF:src/schemas/participants-schemas.ts
FNF:0
FNH:0
DA:1,4
DA:3,4
LF:2
LH:2
BRF:0
BRH:0
end_of_record
TN:
SF:src/services/bets-service/index.ts
FN:7,createBet
FNF:1
FNH:1
FNDA:5,createBet
DA:1,4
DA:2,4
DA:3,4
DA:4,4
DA:5,4
DA:8,5
DA:9,5
DA:10,4
DA:12,3
DA:13,3
DA:14,2
DA:16,2
DA:18,2
DA:19,2
DA:20,2
DA:23,4
LF:16
LH:16
BRDA:9,0,0,1
BRDA:10,1,0,1
BRDA:13,2,0,1
BRDA:14,3,0,0
BRF:4
BRH:3
end_of_record
TN:
SF:src/services/games-service/index.ts
FN:5,createGame
FN:10,finishGame
FN:19,getGames
FN:24,getGameById
FNF:4
FNH:4
FNDA:1,createGame
FNDA:4,finishGame
FNDA:2,getGames
FNDA:6,getGameById
DA:1,4
DA:2,4
DA:3,4
DA:6,1
DA:7,1
DA:11,4
DA:12,3
DA:13,3
DA:15,2
DA:16,2
DA:20,2
DA:21,2
DA:25,6
DA:26,6
DA:28,4
DA:31,4
LF:16
LH:16
BRDA:12,0,0,0
BRDA:13,1,0,1
BRDA:26,2,0,2
BRF:3
BRH:2
end_of_record
TN:
SF:src/services/participants-service/index.ts
FN:3,createParticipant
FN:8,getParticipants
FNF:2
FNH:2
FNDA:1,createParticipant
FNDA:2,getParticipants
DA:1,4
DA:4,1
DA:5,1
DA:9,2
DA:10,2
DA:13,4
LF:6
LH:6
BRF:0
BRH:0
end_of_record
TN:
SF:tests/helpers.ts
FN:3,cleanDb
FNF:1
FNH:1
FNDA:21,cleanDb
DA:1,3
DA:3,3
DA:4,21
DA:5,21
DA:6,21
LF:5
LH:5
BRF:0
BRH:0
end_of_record
TN:
SF:tests/factories/bet-factory.ts
FN:6,buildBet
FN:27,buildBetInput
FNF:2
FNH:1
FNDA:0,buildBet
FNDA:5,buildBetInput
DA:1,1
DA:2,1
DA:3,1
DA:4,1
DA:6,1
DA:7,0
DA:8,0
DA:10,0
DA:27,1
DA:28,5
LF:10
LH:7
BRDA:37,0,0,5
BRDA:37,0,1,0
BRF:2
BRH:1
end_of_record
TN:
SF:tests/factories/game-factory.ts
FN:4,buildGame
FN:13,buildGameInput
FN:20,buildScoreInput
FNF:3
FNH:3
FNDA:11,buildGame
FNDA:1,buildGameInput
FNDA:3,buildScoreInput
DA:1,2
DA:2,2
DA:4,2
DA:5,11
DA:13,2
DA:14,1
DA:20,2
DA:21,3
LF:8
LH:8
BRDA:7,0,0,11
BRDA:7,0,1,11
BRDA:8,1,0,11
BRDA:8,1,1,11
BRDA:15,2,0,1
BRDA:15,2,1,1
BRDA:16,3,0,1
BRDA:16,3,1,1
BRDA:22,4,0,3
BRDA:22,4,1,3
BRDA:26,5,0,3
BRDA:26,5,1,3
BRF:12
BRH:12
end_of_record
TN:
SF:tests/factories/participant-factory.ts
FN:4,buildParticipant
FN:16,buildParticipantInput
FNF:2
FNH:2
FNDA:7,buildParticipant
FNDA:1,buildParticipantInput
DA:1,2
DA:2,2
DA:4,2
DA:5,7
DA:16,2
DA:17,1
LF:6
LH:6
BRDA:7,0,0,7
BRDA:7,0,1,7
BRDA:8,1,0,7
BRDA:8,1,1,7
BRDA:18,2,0,1
BRDA:18,2,1,1
BRDA:19,3,0,1
BRDA:19,3,1,1
BRF:8
BRH:8
end_of_record
